[0mGET /api [32m200 [0m4.907 ms - 41[0m
[0mGET /favicon.ico [33m404 [0m2.691 ms - 24[0m
[0mGET /api [32m200 [0m0.829 ms - 41[0m
[0mGET /api [32m200 [0m10.621 ms - 41[0m
[0mGET /api/users [31m500 [0m3.770 ms - 2177[0m
[0mGET /api/register [33m404 [0m4.951 ms - 25[0m
[0mGET /api/register [33m404 [0m1.002 ms - 25[0m
[0mGET /api/register [33m404 [0m0.609 ms - 25[0m
[0mGET /api/users/register [36m302 [0m2.958 ms - 23[0m
[0mGET / [33m404 [0m0.806 ms - 13[0m
[0mPOST /api/users/register [31m500 [0m19171.315 ms - 452[0m
[0mPOST /api/users/register [31m500 [0m301363.225 ms - 452[0m
[0mPOST /api/users/register [31m500 [0m32824.036 ms - 452[0m
[0mPOST /api/users/register [31m500 [0m21831.764 ms - 452[0m
[0mPOST /api/users/register [31m500 [0m39.930 ms - 262[0m
[0mPOST /api/users/register [31m500 [0m31.702 ms - 262[0m
[0mPOST /api/users/register [31m500 [0m209.354 ms - 1066[0m
[0mPOST /api/users/register [31m500 [0m206.795 ms - 1082[0m
[0mPOST /api/users/register [31m500 [0m206.393 ms - 1074[0m
[0mPOST /api/users/register [31m500 [0m1.792 ms - 295[0m
[0mGET /api/users/register [36m302 [0m5.601 ms - 46[0m
[0mGET / [33m404 [0m1.578 ms - 13[0m
[0mGET /favicon.ico [33m404 [0m0.638 ms - 24[0m
[0mGET / [33m404 [0m1.581 ms - 13[0m
[0mGET /api [32m200 [0m2.152 ms - 41[0m
[0mGET /api [32m200 [0m182309.623 ms - 41[0m
[0mGET /api [32m200 [0m1044.037 ms - 41[0m
[0mGET /api [32m200 [0m28299.508 ms - 41[0m
[0mGET /api [32m200 [0m6292.648 ms - 41[0m
[0mGET /api [32m200 [0m5419.590 ms - 41[0m
[0mPOST /api/users/register [31m500 [0m56183.469 ms - 54[0m
[0mPOST /api/users/register [32m200 [0m101389.549 ms - 1486[0m
[0mPOST /api/users/register [31m500 [0m57048.608 ms - 54[0m
[0mPOST /api/users/register [32m200 [0m421.720 ms - 1496[0m
[0mPOST /api/list [33m404 [0m2.985 ms - 22[0m
[0mGET /api/list [33m404 [0m2.013 ms - 21[0m
[0mGET /api/users [31m500 [0m2.119 ms - 2177[0m
[0mPOST /api/users/register [31m500 [0m234.041 ms - 54[0m
[0mGET /api/users [32m200 [0m22.442 ms - 4[0m
[0mGET /api/users [32m200 [0m167507.741 ms - 4[0m
[0mGET /api/users [32m200 [0m30.138 ms - 112[0m
[0mGET /api/users [32m200 [0m25.283 ms - 112[0m
[0mPOST /api/login [33m400 [0m24.415 ms - 1006[0m
[0mPOST /api/login [33m400 [0m19.958 ms - 1006[0m
[0mPOST /api/login [33m400 [0m399.369 ms - 1006[0m
[0mPOST /api/login [33m404 [0m9.275 ms - 23[0m
[0mPOST /api/login [33m404 [0m5.456 ms - 23[0m
[0mPOST /api/login [33m400 [0m1.291 ms - 1048[0m
[0mPOST /api/login [33m400 [0m1.281 ms - 1048[0m
[0mPOST /api/login [33m400 [0m1.157 ms - 1048[0m
[0mPOST /api/login [33m400 [0m0.987 ms - 1048[0m
[0mGET /api/users [32m200 [0m4.625 ms - 112[0m
[0mPOST /api/login [33m400 [0m1.225 ms - 1048[0m
[0mPOST /api/login [33m404 [0m1.787 ms - 23[0m
[0mPOST /api/login [33m404 [0m1.917 ms - 23[0m
[0mPOST /api/login [33m404 [0m28.939 ms - 23[0m
[0mPOST /api/login [33m404 [0m3.761 ms - 23[0m
[0mPOST /api/login [33m404 [0m2.271 ms - 23[0m
[0mPOST /api/login [33m404 [0m30.756 ms - 23[0m
[0mGET /api/users [32m200 [0m9.889 ms - 112[0m
[0mPOST /api/login [32m200 [0m220.543 ms - 1492[0m
[0mPOST /api/users [33m403 [0m23.843 ms - 48[0m
[0mPOST /api/users [31m500 [0m2.884 ms - 2160[0m
[0mPOST /api/users [31m500 [0m1.380 ms - 2160[0m
[0mPOST /api/users [33m404 [0m26.338 ms - 23[0m
[0mGET /api/users [32m200 [0m17.317 ms - 112[0m
[0mGET /api/users [32m200 [0m1.441 ms - 45[0m
[0mGET /api/users [32m200 [0m3.322 ms - 112[0m
[0mGET /api/users [32m200 [0m2.991 ms - 112[0m
[0mGET /api/users [32m200 [0m7.429 ms - 45[0m
[0mGET /api/users [32m200 [0m2.539 ms - 45[0m
[0mGET /api/users [32m200 [0m0.749 ms - 45[0m
[0mPOST /api/signup [33m403 [0m26.183 ms - 48[0m
[0mPOST /api/register [33m403 [0m1.115 ms - 48[0m
[0mPOST /api/register [33m403 [0m0.596 ms - 48[0m
[0mPOST /api/users/register [0m- [0m- ms - -[0m
[0mPOST /api/users/register [0m- [0m- ms - -[0m
[0mGET / [33m404 [0m0.953 ms - 13[0m
[0mGET /favicon.ico [33m404 [0m0.947 ms - 24[0m
[0mPOST /api/users/register [0m- [0m- ms - -[0m
[0mGET /api/users [32m200 [0m2.500 ms - 45[0m
[0mGET /api [32m200 [0m0.775 ms - 42[0m
[0mGET / [33m404 [0m0.427 ms - 13[0m
[0mGET /apio [33m404 [0m0.220 ms - 17[0m
[0mGET /api [32m200 [0m0.234 ms - 42[0m
[0mPOST /api/users/register [0m- [0m- ms - -[0m
[0mPOST /api/users/register [0m- [0m- ms - -[0m
[0mPOST /api/login [32m200 [0m221.858 ms - 1492[0m
[0mGET /api [32m200 [0m2.032 ms - 42[0m
[0mGET /favicon.ico [33m404 [0m1.598 ms - 24[0m
[0mGET /api/users [32m200 [0m7.938 ms - 112[0m
[0mPOST /api/users/register [0m- [0m- ms - -[0m
[0mPOST /api/users/register [32m200 [0m408.017 ms - 1508[0m
[0mGET /api/users [32m200 [0m7.336 ms - 45[0m
[0mGET /api/users [32m200 [0m1.540 ms - 45[0m
[0mPOST /api/login [32m200 [0m217.479 ms - 1492[0m
[0mGET /api/users [32m200 [0m6.009 ms - 228[0m
[0mPOST /api/meetings [32m200 [0m470.241 ms - 142[0m
[0mPOST /api/meetings [31m500 [0m480.799 ms - 57[0m
[0mPOST /api/meetings [31m500 [0m597.691 ms - 57[0m
[0mPOST /api/meetings [31m500 [0m42741.431 ms - 57[0m
[0mPOST /api/meetings [31m500 [0m169474.933 ms - 57[0m
[0mPOST /api/meetings [31m500 [0m472.633 ms - 57[0m
[0mPOST /api/meetings [31m500 [0m499.361 ms - 57[0m
[0mPOST /api/meetings [31m500 [0m56672.302 ms - 57[0m
[0mPOST /api/meetings [32m200 [0m478.649 ms - 230[0m
[0mPOST /api/meetings [32m200 [0m95453.533 ms - 230[0m
[0mPOST /api/meetings [32m200 [0m467.942 ms - 230[0m
[0mPOST /api/meetings [32m200 [0m828.519 ms - 230[0m
[0mPOST /api/meetings [32m200 [0m532.124 ms - 230[0m
[0mPOST /api/meetings [32m200 [0m71543.487 ms - 230[0m
[0mPOST /api/meetings [32m200 [0m543.869 ms - 253[0m
[0mGET /api [32m200 [0m4.060 ms - 42[0m
[0mGET /favicon.ico [33m404 [0m1.955 ms - 24[0m
[0mPOST /api//meetings/generateToken [33m400 [0m28.335 ms - 1048[0m
[0mPOST /api/login [32m200 [0m220.560 ms - 1494[0m
[0mPOST /api//meetings/generateToken [33m400 [0m0.936 ms - 1048[0m
[0mPOST /api//meetings/generateToken [33m403 [0m4.450 ms - 48[0m
[0mPOST /api//meetings/generateToken [33m403 [0m2.755 ms - 48[0m
[0mPOST /api//meetings/generateToken [33m403 [0m34.820 ms - 48[0m
[0mPOST /api//meetings/generateToken [32m200 [0m65.683 ms - 456[0m
[0mPOST /api//meetings/generateToken [33m403 [0m4.741 ms - 48[0m
[0mPOST /api//meetings/generateToken [33m403 [0m40.563 ms - 72[0m
[0mPOST /api//meetings/generateToken [32m200 [0m19.661 ms - 452[0m
[0mGET /api//meetings/E0YS30 [33m404 [0m4.366 ms - 33[0m
[0mGET /api/meetings/E0YS30 [33m404 [0m1.280 ms - 32[0m
[0mGET /api/meeting/E0YS30 [32m200 [0m17.911 ms - 295[0m
[0mGET /api/meeting/E0YS30 [33m404 [0m5.076 ms - 31[0m
[0mGET /api/meetings/E0YS30 [32m200 [0m33.773 ms - 309[0m
[0mPUT /api/meetings/E0YS30 [32m200 [0m41.359 ms - 101[0m
[0mPUT /api/meetings/E0YS30 [32m200 [0m6.269 ms - 74[0m
[0mPUT /api/meetings/E0YS30 [32m200 [0m4.375 ms - 101[0m
[0mPUT /api/meetings/E0YS30 [33m403 [0m38.868 ms - 50[0m
[0mPUT /api/meetings/E0YS30 [32m200 [0m15.169 ms - 101[0m
[0mDELETE /api/meetings/E0YS30 [32m200 [0m6.175 ms - 46[0m
[0mPOST /api/meetings [32m200 [0m454.498 ms - 253[0m
[0mPOST /api/meetings [32m200 [0m254.438 ms - 253[0m
[0mGET /api/meetings [32m200 [0m4.755 ms - 63[0m
[0mGET /api/meetings [32m200 [0m17.000 ms - 61[0m
[0mGET /api/meetings [32m200 [0m13.943 ms - 61[0m
[0mGET /api/users [32m200 [0m10.719 ms - 228[0m
[0mGET /api/users [33m403 [0m9.723 ms - 49[0m
[0mGET /api/users [33m403 [0m1.475 ms - 49[0m
[0mGET /api/users [33m403 [0m0.886 ms - 49[0m
[0mPOST /api/login [32m200 [0m229.016 ms - 1494[0m
[0mGET /api/users [32m200 [0m5.720 ms - 228[0m
[0mGET /api/meetings [32m200 [0m3.525 ms - 61[0m
[0mGET /api/meetings [32m200 [0m1.566 ms - 61[0m
[0mGET /api/users [32m200 [0m3.206 ms - 228[0m
[0mGET /api/meetings [32m200 [0m1.898 ms - 61[0m
[0mPOST /api/meetings [32m200 [0m477.596 ms - 253[0m
[0mPOST /api/meetings [32m200 [0m253.039 ms - 253[0m
[0mGET /api/meetings [32m200 [0m4.981 ms - 61[0m
[0mGET /api/meetings [32m200 [0m17.818 ms - 61[0m
[0mGET /api/meetings [32m200 [0m110245.193 ms - 61[0m
[0mGET /api/meetings [32m200 [0m33.270 ms - 1354[0m
[0mGET /api/meetings [32m200 [0m36.349 ms - 1354[0m
[0mGET /api/meetings [32m200 [0m44.484 ms - 1354[0m
